1512923263218	geckodriver	INFO	geckodriver 0.19.1
1512923263228	geckodriver	INFO	Listening on 127.0.0.1:47485
1512923264781	mozrunner::runner	INFO	Running command: "/usr/bin/firefox" "-marionette" "-profile" "/tmp/rust_mozprofile.s4ccRdCjoPSU"
1512923267698	Marionette	INFO	Enabled via --marionette
1512923274606	Marionette	INFO	Listening on port 36423
1512923274682	Marionette	WARN	TLS certificate errors will be ignored for this session
1512923275106	Marionette	DEBUG	Register listener.js for window 2147483649
*** UTM:SVC TimerManager:registerTimer called after profile-before-change notification. Ignoring timer registration for id: telemetry_modules_ping
1512923343064	geckodriver	INFO	geckodriver 0.19.1
1512923343080	geckodriver	INFO	Listening on 127.0.0.1:60691
1512923344599	mozrunner::runner	INFO	Running command: "/usr/bin/firefox" "-marionette" "-profile" "/tmp/rust_mozprofile.MAyHbHjz88GQ"
1512923346354	Marionette	INFO	Enabled via --marionette
1512923353034	Marionette	INFO	Listening on port 38297
1512923353066	Marionette	WARN	TLS certificate errors will be ignored for this session
1512923353331	Marionette	DEBUG	Register listener.js for window 2147483649
1512923353439	Marionette	DEBUG	Received DOM event "beforeunload" for "about:blank"
1512923354439	Marionette	DEBUG	Received DOM event "pagehide" for "about:blank"
1512923354440	Marionette	DEBUG	Received DOM event "unload" for "about:blank"
1512923354834	Marionette	DEBUG	Received DOM event "DOMContentLoaded" for "https://www.google.com.vn/?gfe_rd=cr&dcr=0&ei=2WAtWoiYIoGl8wfc-pzIBg&gws_rd=ssl"
1512923356606	Marionette	DEBUG	Received DOM event "pageshow" for "https://www.google.com.vn/?gfe_rd=cr&dcr=0&ei=2WAtWoiYIoGl8wfc-pzIBg&gws_rd=ssl"
[Child 19612, Chrome_ChildThread] WARNING: pipe error (3): Connection reset by peer: file /build/firefox-bfYN6l/firefox-57.0.1+build2/ipc/chromium/src/chrome/common/ipc_channel_posix.cc, line 353
1512923652749	geckodriver	INFO	geckodriver 0.19.1
1512923652758	geckodriver	INFO	Listening on 127.0.0.1:40303
1512923654271	mozrunner::runner	INFO	Running command: "/usr/bin/firefox" "-marionette" "-profile" "/tmp/rust_mozprofile.BYlRjE6KMEFD"
1512923655940	Marionette	INFO	Enabled via --marionette
1512923661931	Marionette	INFO	Listening on port 36753
1512923662024	Marionette	WARN	TLS certificate errors will be ignored for this session
1512923662242	Marionette	DEBUG	Register listener.js for window 2147483649
1512923662293	Marionette	DEBUG	Received DOM event "beforeunload" for "about:blank"
1512923666104	Marionette	DEBUG	Received DOM event "pagehide" for "about:blank"
1512923666105	Marionette	DEBUG	Received DOM event "unload" for "about:blank"
Marionette threw an error: TypeError: this.curBrowser.contentBrowser is null
GeckoDriver.prototype.get@chrome://marionette/content/driver.js:1123:3

1512923729115	Marionette	DEBUG	Received observer notification "outer-window-destroyed" for "2147483649"

###!!! [Child][MessageChannel] Error: (msgtype=0x42000F,name=PHttpChannel::Msg___delete__) Channel closing: too late to send/recv, messages will be lost


###!!! [Child][RunMessage] Error: Channel closing: too late to send/recv, messages will be lost


###!!! [Child][RunMessage] Error: Channel closing: too late to send/recv, messages will be lost


###!!! [Child][RunMessage] Error: Channel closing: too late to send/recv, messages will be lost


###!!! [Child][RunMessage] Error: Channel closing: too late to send/recv, messages will be lost


###!!! [Child][RunMessage] Error: Channel closing: too late to send/recv, messages will be lost


###!!! [Child][RunMessage] Error: Channel closing: too late to send/recv, messages will be lost


###!!! [Child][RunMessage] Error: Channel closing: too late to send/recv, messages will be lost

1512923729858	Marionette	DEBUG	Register listener.js for window 4294967297
1512923729999	Marionette	DEBUG	Register listener.js for window 4294967299
1513001758962	geckodriver	INFO	geckodriver 0.19.1
1513001758999	geckodriver	INFO	Listening on 127.0.0.1:47775
1513001760491	mozrunner::runner	INFO	Running command: "/usr/bin/firefox" "-marionette" "-profile" "/tmp/rust_mozprofile.c4YbTbYv8qqu"
1513001762491	Marionette	INFO	Enabled via --marionette
1513001769027	Marionette	INFO	Listening on port 37485
1513001769314	Marionette	WARN	TLS certificate errors will be ignored for this session
1513001769535	Marionette	DEBUG	Register listener.js for window 2147483649
1513001769593	Marionette	DEBUG	Received DOM event "beforeunload" for "about:blank"
1513001771657	Marionette	DEBUG	Received DOM event "pagehide" for "about:blank"
1513001771658	Marionette	DEBUG	Received DOM event "unload" for "about:blank"
1513001776064	Marionette	DEBUG	Received DOM event "DOMContentLoaded" for "https://viralstyle.com/Adam-Baylin/2018-just-believe-that-#pid=1&cid=230&sid=front"
1513001777230	Marionette	DEBUG	Received DOM event "pageshow" for "https://viralstyle.com/Adam-Baylin/2018-just-believe-that-#pid=1&cid=230&sid=front"
[Child 29783, Chrome_ChildThread] WARNING: pipe error (3): Connection reset by peer: file /build/firefox-bfYN6l/firefox-57.0.1+build2/ipc/chromium/src/chrome/common/ipc_channel_posix.cc, line 353
